[2024-11-21 18:14:11,274] INFO [college_mobility.merge_datasets:50] Starting dataset merge...
[2024-11-21 18:14:11,276] INFO [college_mobility.load_mobility_data:16] Loading mobility data...
[2024-11-21 18:14:11,277] ERROR [college_mobility.load_mobility_data:21] Error loading mobility data: [Errno 2] No such file or directory: 'data/mobility_data.csv'
[2024-11-21 18:14:11,279] INFO [college_mobility.load_cost_data:33] Loading cost data...
[2024-11-21 18:14:11,299] INFO [college_mobility.load_cost_data:35] Successfully loaded cost data with 2463 rows
[2024-11-21 18:14:11,306] ERROR [college_mobility.merge_datasets:55] One or more required datasets failed to load
[2024-11-21 18:15:45,311] INFO [college_mobility.merge_datasets:56] Starting dataset merge...
[2024-11-21 18:15:45,312] INFO [college_mobility.load_mobility_data:22] Loading mobility data from data/mrc_table2.csv...
[2024-11-21 18:15:45,354] INFO [college_mobility.load_mobility_data:24] Successfully loaded mobility data with 2202 rows
[2024-11-21 18:15:45,357] INFO [college_mobility.load_cost_data:39] Loading cost data from data/mrc_table10.csv...
[2024-11-21 18:15:45,379] INFO [college_mobility.load_cost_data:41] Successfully loaded cost data with 2463 rows
[2024-11-21 18:15:45,382] INFO [college_mobility.merge_datasets:68] Filtered to 1363 mobility records and 1465 cost records
[2024-11-21 18:15:45,388] INFO [college_mobility.merge_datasets:77] Successfully merged datasets with 1363 final records
[2024-11-21 18:17:04,450] INFO [college_mobility.merge_datasets:56] Starting dataset merge...
[2024-11-21 18:17:04,450] INFO [college_mobility.load_mobility_data:22] Loading mobility data from data/mrc_table2.csv...
[2024-11-21 18:17:04,482] INFO [college_mobility.load_mobility_data:24] Successfully loaded mobility data with 2202 rows
[2024-11-21 18:17:04,484] INFO [college_mobility.load_cost_data:39] Loading cost data from data/mrc_table10.csv...
[2024-11-21 18:17:04,493] INFO [college_mobility.load_cost_data:41] Successfully loaded cost data with 2463 rows
[2024-11-21 18:17:04,495] INFO [college_mobility.merge_datasets:68] Filtered to 1363 mobility records and 1465 cost records
[2024-11-21 18:17:04,497] INFO [college_mobility.merge_datasets:77] Successfully merged datasets with 1363 final records
[2024-11-21 18:23:18,455] INFO [college_mobility.merge_datasets:56] Starting dataset merge...
[2024-11-21 18:23:18,457] INFO [college_mobility.load_mobility_data:22] Loading mobility data from data/mrc_table2.csv...
[2024-11-21 18:23:18,496] INFO [college_mobility.load_mobility_data:24] Successfully loaded mobility data with 2202 rows
[2024-11-21 18:23:18,500] INFO [college_mobility.load_cost_data:39] Loading cost data from data/mrc_table10.csv...
[2024-11-21 18:23:18,521] INFO [college_mobility.load_cost_data:41] Successfully loaded cost data with 2463 rows
[2024-11-21 18:23:18,523] INFO [college_mobility.merge_datasets:68] Filtered to 1363 mobility records and 1465 cost records
[2024-11-21 18:23:18,524] INFO [college_mobility.merge_datasets:77] Successfully merged datasets with 1363 final records
[2024-11-21 18:30:39,213] INFO [college_mobility.merge_datasets:56] Starting dataset merge...
[2024-11-21 18:30:39,215] INFO [college_mobility.load_mobility_data:22] Loading mobility data from data/mrc_table2.csv...
[2024-11-21 18:30:39,255] INFO [college_mobility.load_mobility_data:24] Successfully loaded mobility data with 2202 rows
[2024-11-21 18:30:39,258] INFO [college_mobility.load_cost_data:39] Loading cost data from data/mrc_table10.csv...
[2024-11-21 18:30:39,284] INFO [college_mobility.load_cost_data:41] Successfully loaded cost data with 2463 rows
[2024-11-21 18:30:39,289] INFO [college_mobility.merge_datasets:68] Filtered to 1363 mobility records and 1465 cost records
[2024-11-21 18:30:39,297] INFO [college_mobility.merge_datasets:77] Successfully merged datasets with 1363 final records
[2024-11-21 18:32:51,091] INFO [college_mobility.merge_datasets:56] Starting dataset merge...
[2024-11-21 18:32:51,092] INFO [college_mobility.load_mobility_data:22] Loading mobility data from data/mrc_table2.csv...
[2024-11-21 18:32:51,131] INFO [college_mobility.load_mobility_data:24] Successfully loaded mobility data with 2202 rows
[2024-11-21 18:32:51,135] INFO [college_mobility.load_cost_data:39] Loading cost data from data/mrc_table10.csv...
[2024-11-21 18:32:51,159] INFO [college_mobility.load_cost_data:41] Successfully loaded cost data with 2463 rows
[2024-11-21 18:32:51,165] INFO [college_mobility.merge_datasets:68] Filtered to 1363 mobility records and 1465 cost records
[2024-11-21 18:32:51,167] INFO [college_mobility.merge_datasets:77] Successfully merged datasets with 1363 final records
[2024-11-21 18:48:36,627] INFO [college_mobility.merge_datasets:56] Starting dataset merge...
[2024-11-21 18:48:36,628] INFO [college_mobility.load_mobility_data:22] Loading mobility data from data/mrc_table2.csv...
[2024-11-21 18:48:36,669] INFO [college_mobility.load_mobility_data:24] Successfully loaded mobility data with 2202 rows
[2024-11-21 18:48:36,674] INFO [college_mobility.load_cost_data:39] Loading cost data from data/mrc_table10.csv...
[2024-11-21 18:48:36,695] INFO [college_mobility.load_cost_data:41] Successfully loaded cost data with 2463 rows
[2024-11-21 18:48:36,697] INFO [college_mobility.merge_datasets:68] Filtered to 1363 mobility records and 1465 cost records
[2024-11-21 18:48:36,699] INFO [college_mobility.merge_datasets:77] Successfully merged datasets with 1363 final records
[2024-11-21 18:53:39,544] INFO [college_mobility.merge_datasets:56] Starting dataset merge...
[2024-11-21 18:53:39,545] INFO [college_mobility.load_mobility_data:22] Loading mobility data from data/mrc_table2.csv...
[2024-11-21 18:53:39,586] INFO [college_mobility.load_mobility_data:24] Successfully loaded mobility data with 2202 rows
[2024-11-21 18:53:39,589] INFO [college_mobility.load_cost_data:39] Loading cost data from data/mrc_table10.csv...
[2024-11-21 18:53:39,608] INFO [college_mobility.load_cost_data:41] Successfully loaded cost data with 2463 rows
[2024-11-21 18:53:39,613] INFO [college_mobility.merge_datasets:68] Filtered to 1363 mobility records and 1465 cost records
[2024-11-21 18:53:39,616] INFO [college_mobility.merge_datasets:77] Successfully merged datasets with 1363 final records
[2024-11-21 19:05:11,653] INFO [college_mobility.merge_datasets:56] Starting dataset merge...
[2024-11-21 19:05:11,654] INFO [college_mobility.load_mobility_data:22] Loading mobility data from data/mrc_table2.csv...
[2024-11-21 19:05:11,689] INFO [college_mobility.load_mobility_data:24] Successfully loaded mobility data with 2202 rows
[2024-11-21 19:05:11,692] INFO [college_mobility.load_cost_data:39] Loading cost data from data/mrc_table10.csv...
[2024-11-21 19:05:11,705] INFO [college_mobility.load_cost_data:41] Successfully loaded cost data with 2463 rows
[2024-11-21 19:05:11,713] INFO [college_mobility.merge_datasets:68] Filtered to 1363 mobility records and 1465 cost records
[2024-11-21 19:05:11,714] INFO [college_mobility.merge_datasets:77] Successfully merged datasets with 1363 final records
[2024-11-21 19:06:14,426] INFO [college_mobility.merge_datasets:56] Starting dataset merge...
[2024-11-21 19:06:14,428] INFO [college_mobility.load_mobility_data:22] Loading mobility data from data/mrc_table2.csv...
[2024-11-21 19:06:14,458] INFO [college_mobility.load_mobility_data:24] Successfully loaded mobility data with 2202 rows
[2024-11-21 19:06:14,460] INFO [college_mobility.load_cost_data:39] Loading cost data from data/mrc_table10.csv...
[2024-11-21 19:06:14,469] INFO [college_mobility.load_cost_data:41] Successfully loaded cost data with 2463 rows
[2024-11-21 19:06:14,472] INFO [college_mobility.merge_datasets:68] Filtered to 1363 mobility records and 1465 cost records
[2024-11-21 19:06:14,474] INFO [college_mobility.merge_datasets:77] Successfully merged datasets with 1363 final records
[2024-11-22 10:59:38,939] INFO [college_mobility.merge_datasets:56] Starting dataset merge...
[2024-11-22 10:59:38,940] INFO [college_mobility.load_mobility_data:22] Loading mobility data from data/mrc_table2.csv...
[2024-11-22 10:59:38,992] INFO [college_mobility.load_mobility_data:24] Successfully loaded mobility data with 2202 rows
[2024-11-22 10:59:38,994] INFO [college_mobility.load_cost_data:39] Loading cost data from data/mrc_table10.csv...
[2024-11-22 10:59:39,010] INFO [college_mobility.load_cost_data:41] Successfully loaded cost data with 2463 rows
[2024-11-22 10:59:39,015] INFO [college_mobility.merge_datasets:68] Filtered to 1363 mobility records and 1465 cost records
[2024-11-22 10:59:39,018] INFO [college_mobility.merge_datasets:77] Successfully merged datasets with 1363 final records
[2024-11-22 11:26:55,377] INFO [college_mobility.merge_datasets:56] Starting dataset merge...
[2024-11-22 11:26:55,378] INFO [college_mobility.load_mobility_data:22] Loading mobility data from data/mrc_table2.csv...
[2024-11-22 11:26:55,417] INFO [college_mobility.load_mobility_data:24] Successfully loaded mobility data with 2202 rows
[2024-11-22 11:26:55,419] INFO [college_mobility.load_cost_data:39] Loading cost data from data/mrc_table10.csv...
[2024-11-22 11:26:55,431] INFO [college_mobility.load_cost_data:41] Successfully loaded cost data with 2463 rows
[2024-11-22 11:26:55,434] INFO [college_mobility.merge_datasets:68] Filtered to 1363 mobility records and 1465 cost records
[2024-11-22 11:26:55,441] INFO [college_mobility.merge_datasets:77] Successfully merged datasets with 1363 final records
[2024-11-22 11:28:32,885] INFO [college_mobility.merge_datasets:56] Starting dataset merge...
[2024-11-22 11:28:32,886] INFO [college_mobility.load_mobility_data:22] Loading mobility data from data/mrc_table2.csv...
[2024-11-22 11:28:32,925] INFO [college_mobility.load_mobility_data:24] Successfully loaded mobility data with 2202 rows
[2024-11-22 11:28:32,927] INFO [college_mobility.load_cost_data:39] Loading cost data from data/mrc_table10.csv...
[2024-11-22 11:28:32,944] INFO [college_mobility.load_cost_data:41] Successfully loaded cost data with 2463 rows
[2024-11-22 11:28:32,948] INFO [college_mobility.merge_datasets:68] Filtered to 1363 mobility records and 1465 cost records
[2024-11-22 11:28:32,950] INFO [college_mobility.merge_datasets:77] Successfully merged datasets with 1363 final records
[2024-11-22 11:29:09,870] INFO [college_mobility.merge_datasets:56] Starting dataset merge...
[2024-11-22 11:29:09,872] INFO [college_mobility.load_mobility_data:22] Loading mobility data from data/mrc_table2.csv...
[2024-11-22 11:29:09,911] INFO [college_mobility.load_mobility_data:24] Successfully loaded mobility data with 2202 rows
[2024-11-22 11:29:09,913] INFO [college_mobility.load_cost_data:39] Loading cost data from data/mrc_table10.csv...
[2024-11-22 11:29:09,925] INFO [college_mobility.load_cost_data:41] Successfully loaded cost data with 2463 rows
[2024-11-22 11:29:09,930] INFO [college_mobility.merge_datasets:68] Filtered to 1363 mobility records and 1465 cost records
[2024-11-22 11:29:09,935] INFO [college_mobility.merge_datasets:77] Successfully merged datasets with 1363 final records
[2024-11-22 11:30:10,091] INFO [college_mobility.merge_datasets:56] Starting dataset merge...
[2024-11-22 11:30:10,093] INFO [college_mobility.load_mobility_data:22] Loading mobility data from data/mrc_table2.csv...
[2024-11-22 11:30:10,130] INFO [college_mobility.load_mobility_data:24] Successfully loaded mobility data with 2202 rows
[2024-11-22 11:30:10,132] INFO [college_mobility.load_cost_data:39] Loading cost data from data/mrc_table10.csv...
[2024-11-22 11:30:10,143] INFO [college_mobility.load_cost_data:41] Successfully loaded cost data with 2463 rows
[2024-11-22 11:30:10,151] INFO [college_mobility.merge_datasets:68] Filtered to 1363 mobility records and 1465 cost records
[2024-11-22 11:30:10,153] INFO [college_mobility.merge_datasets:77] Successfully merged datasets with 1363 final records
[2024-11-22 11:32:04,888] INFO [college_mobility.merge_datasets:56] Starting dataset merge...
[2024-11-22 11:32:04,890] INFO [college_mobility.load_mobility_data:22] Loading mobility data from data/mrc_table2.csv...
[2024-11-22 11:32:04,932] INFO [college_mobility.load_mobility_data:24] Successfully loaded mobility data with 2202 rows
[2024-11-22 11:32:04,934] INFO [college_mobility.load_cost_data:39] Loading cost data from data/mrc_table10.csv...
[2024-11-22 11:32:04,951] INFO [college_mobility.load_cost_data:41] Successfully loaded cost data with 2463 rows
[2024-11-22 11:32:04,953] INFO [college_mobility.merge_datasets:68] Filtered to 1363 mobility records and 1465 cost records
[2024-11-22 11:32:04,955] INFO [college_mobility.merge_datasets:77] Successfully merged datasets with 1363 final records
[2024-11-22 11:37:24,189] INFO [college_mobility.merge_datasets:56] Starting dataset merge...
[2024-11-22 11:37:24,189] INFO [college_mobility.merge_datasets:56] Starting dataset merge...
[2024-11-22 11:37:24,201] INFO [college_mobility.merge_datasets:74] Filtered to 2153 mobility records and 2378 cost records
[2024-11-22 11:37:24,201] INFO [college_mobility.merge_datasets:74] Filtered to 2153 mobility records and 2378 cost records
[2024-11-22 11:37:24,205] INFO [college_mobility.merge_datasets:83] Successfully merged datasets with 2153 final records
[2024-11-22 11:37:24,205] INFO [college_mobility.merge_datasets:83] Successfully merged datasets with 2153 final records
[2024-11-22 12:31:45,024] INFO [college_mobility.merge_datasets:56] Starting dataset merge...
[2024-11-22 12:31:45,025] INFO [college_mobility.load_mobility_data:22] Loading mobility data from data/mrc_table2.csv...
[2024-11-22 12:31:45,063] INFO [college_mobility.load_mobility_data:24] Successfully loaded mobility data with 2202 rows
[2024-11-22 12:31:45,065] INFO [college_mobility.load_cost_data:39] Loading cost data from data/mrc_table10.csv...
[2024-11-22 12:31:45,095] INFO [college_mobility.load_cost_data:41] Successfully loaded cost data with 2463 rows
[2024-11-22 12:31:45,100] INFO [college_mobility.merge_datasets:74] Filtered to 2153 mobility records and 2378 cost records
[2024-11-22 12:31:45,103] INFO [college_mobility.merge_datasets:83] Successfully merged datasets with 2153 final records
